{"/media/carlos/Disco Project/repos/Exercises-to-Improve/test-examṕles/tdd-midudev/src/fizzbuzz.js": {"path":"/media/carlos/Disco Project/repos/Exercises-to-Improve/test-examṕles/tdd-midudev/src/fizzbuzz.js","all":false,"statementMap":{"0":{"start":{"line":1,"column":0},"end":{"line":1,"column":37}},"1":{"start":{"line":2,"column":0},"end":{"line":2,"column":68}},"2":{"start":{"line":3,"column":0},"end":{"line":3,"column":82}},"3":{"start":{"line":4,"column":0},"end":{"line":4,"column":0}},"4":{"start":{"line":5,"column":0},"end":{"line":5,"column":45}},"5":{"start":{"line":6,"column":0},"end":{"line":6,"column":17}},"6":{"start":{"line":7,"column":0},"end":{"line":7,"column":0}},"7":{"start":{"line":8,"column":0},"end":{"line":8,"column":89}},"8":{"start":{"line":9,"column":0},"end":{"line":9,"column":62}},"9":{"start":{"line":10,"column":0},"end":{"line":10,"column":49}},"10":{"start":{"line":11,"column":0},"end":{"line":11,"column":4}},"11":{"start":{"line":12,"column":0},"end":{"line":12,"column":0}},"12":{"start":{"line":13,"column":0},"end":{"line":13,"column":40}},"13":{"start":{"line":14,"column":0},"end":{"line":14,"column":1}}},"s":{"0":1,"1":13,"2":13,"3":10,"4":10,"5":10,"6":10,"7":10,"8":10,"9":20,"10":10,"11":10,"12":13,"13":13},"branchMap":{"0":{"type":"branch","line":1,"loc":{"start":{"line":1,"column":24},"end":{"line":14,"column":1}},"locations":[{"start":{"line":1,"column":24},"end":{"line":14,"column":1}}]},"1":{"type":"branch","line":2,"loc":{"start":{"line":2,"column":34},"end":{"line":2,"column":68}},"locations":[{"start":{"line":2,"column":34},"end":{"line":2,"column":68}}]},"2":{"type":"branch","line":3,"loc":{"start":{"line":3,"column":-1},"end":{"line":3,"column":28}},"locations":[{"start":{"line":3,"column":-1},"end":{"line":3,"column":28}}]},"3":{"type":"branch","line":3,"loc":{"start":{"line":3,"column":28},"end":{"line":3,"column":82}},"locations":[{"start":{"line":3,"column":28},"end":{"line":3,"column":82}}]},"4":{"type":"branch","line":4,"loc":{"start":{"line":4,"column":-1},"end":{"line":13,"column":23}},"locations":[{"start":{"line":4,"column":-1},"end":{"line":13,"column":23}}]},"5":{"type":"branch","line":13,"loc":{"start":{"line":13,"column":23},"end":{"line":13,"column":31}},"locations":[{"start":{"line":13,"column":23},"end":{"line":13,"column":31}}]},"6":{"type":"branch","line":13,"loc":{"start":{"line":13,"column":32},"end":{"line":13,"column":40}},"locations":[{"start":{"line":13,"column":32},"end":{"line":13,"column":40}}]},"7":{"type":"branch","line":9,"loc":{"start":{"line":9,"column":37},"end":{"line":11,"column":3}},"locations":[{"start":{"line":9,"column":37},"end":{"line":11,"column":3}}]},"8":{"type":"branch","line":10,"loc":{"start":{"line":10,"column":35},"end":{"line":10,"column":49}},"locations":[{"start":{"line":10,"column":35},"end":{"line":10,"column":49}}]}},"b":{"0":[13],"1":[2],"2":[11],"3":[1],"4":[10],"5":[1],"6":[9],"7":[20],"8":[12]},"fnMap":{"0":{"name":"fizzbuzz","decl":{"start":{"line":1,"column":24},"end":{"line":14,"column":1}},"loc":{"start":{"line":1,"column":24},"end":{"line":14,"column":1}},"line":1}},"f":{"0":13}}
,"/media/carlos/Disco Project/repos/Exercises-to-Improve/test-examṕles/tdd-midudev/src/main.jsx": {"path":"/media/carlos/Disco Project/repos/Exercises-to-Improve/test-examṕles/tdd-midudev/src/main.jsx","all":true,"statementMap":{"0":{"start":{"line":1,"column":0},"end":{"line":1,"column":43}},"1":{"start":{"line":2,"column":0},"end":{"line":2,"column":48}},"2":{"start":{"line":3,"column":0},"end":{"line":3,"column":0}},"3":{"start":{"line":4,"column":0},"end":{"line":4,"column":51}},"4":{"start":{"line":5,"column":0},"end":{"line":5,"column":16}},"5":{"start":{"line":6,"column":0},"end":{"line":6,"column":1}}},"s":{"0":0,"1":0,"2":0,"3":0,"4":0,"5":0},"branchMap":{"0":{"type":"branch","line":1,"loc":{"start":{"line":1,"column":0},"end":{"line":6,"column":1}},"locations":[{"start":{"line":1,"column":0},"end":{"line":6,"column":1}}]}},"b":{"0":[0]},"fnMap":{"0":{"name":"(empty-report)","decl":{"start":{"line":1,"column":0},"end":{"line":6,"column":1}},"loc":{"start":{"line":1,"column":0},"end":{"line":6,"column":1}},"line":1}},"f":{"0":0}}
,"/media/carlos/Disco Project/repos/Exercises-to-Improve/test-examṕles/tdd-midudev/src/components/Calculator.jsx": {"path":"/media/carlos/Disco Project/repos/Exercises-to-Improve/test-examṕles/tdd-midudev/src/components/Calculator.jsx","all":false,"statementMap":{"0":{"start":{"line":1,"column":0},"end":{"line":1,"column":39}},"1":{"start":{"line":2,"column":0},"end":{"line":2,"column":34}},"2":{"start":{"line":3,"column":0},"end":{"line":3,"column":0}},"3":{"start":{"line":4,"column":0},"end":{"line":4,"column":45}},"4":{"start":{"line":5,"column":0},"end":{"line":5,"column":14}},"5":{"start":{"line":6,"column":0},"end":{"line":6,"column":10}},"6":{"start":{"line":7,"column":0},"end":{"line":7,"column":10}},"7":{"start":{"line":8,"column":0},"end":{"line":8,"column":10}},"8":{"start":{"line":9,"column":0},"end":{"line":9,"column":5}},"9":{"start":{"line":10,"column":0},"end":{"line":10,"column":1}},"10":{"start":{"line":11,"column":0},"end":{"line":11,"column":46}},"11":{"start":{"line":12,"column":0},"end":{"line":12,"column":29}},"12":{"start":{"line":13,"column":0},"end":{"line":13,"column":0}},"13":{"start":{"line":14,"column":0},"end":{"line":14,"column":38}},"14":{"start":{"line":15,"column":0},"end":{"line":15,"column":0}},"15":{"start":{"line":16,"column":0},"end":{"line":16,"column":40}},"16":{"start":{"line":17,"column":0},"end":{"line":17,"column":0}},"17":{"start":{"line":18,"column":0},"end":{"line":18,"column":35}},"18":{"start":{"line":19,"column":0},"end":{"line":19,"column":30}},"19":{"start":{"line":20,"column":0},"end":{"line":20,"column":2}},"20":{"start":{"line":21,"column":0},"end":{"line":21,"column":19}},"21":{"start":{"line":22,"column":0},"end":{"line":22,"column":23}},"22":{"start":{"line":23,"column":0},"end":{"line":23,"column":48}},"23":{"start":{"line":24,"column":0},"end":{"line":24,"column":21}},"24":{"start":{"line":25,"column":0},"end":{"line":25,"column":0}},"25":{"start":{"line":26,"column":0},"end":{"line":26,"column":29}},"26":{"start":{"line":27,"column":0},"end":{"line":27,"column":34}},"27":{"start":{"line":28,"column":0},"end":{"line":28,"column":101}},"28":{"start":{"line":29,"column":0},"end":{"line":29,"column":12}},"29":{"start":{"line":30,"column":0},"end":{"line":30,"column":7}},"30":{"start":{"line":31,"column":0},"end":{"line":31,"column":0}},"31":{"start":{"line":32,"column":0},"end":{"line":32,"column":32}},"32":{"start":{"line":33,"column":0},"end":{"line":33,"column":94}},"33":{"start":{"line":34,"column":0},"end":{"line":34,"column":7}},"34":{"start":{"line":35,"column":0},"end":{"line":35,"column":73}},"35":{"start":{"line":36,"column":0},"end":{"line":36,"column":10}},"36":{"start":{"line":37,"column":0},"end":{"line":37,"column":13}},"37":{"start":{"line":38,"column":0},"end":{"line":38,"column":1}}},"s":{"0":1,"1":1,"2":1,"3":1,"4":1,"5":1,"6":1,"7":1,"8":1,"9":1,"10":1,"11":1,"12":1,"13":22,"14":22,"15":22,"16":22,"17":22,"18":10,"19":22,"20":22,"21":22,"22":22,"23":22,"24":22,"25":22,"26":88,"27":88,"28":88,"29":22,"30":22,"31":22,"32":88,"33":22,"34":22,"35":22,"36":22,"37":22},"branchMap":{"0":{"type":"branch","line":14,"loc":{"start":{"line":14,"column":0},"end":{"line":38,"column":1}},"locations":[{"start":{"line":14,"column":0},"end":{"line":38,"column":1}}]},"1":{"type":"branch","line":18,"loc":{"start":{"line":18,"column":28},"end":{"line":19,"column":30}},"locations":[{"start":{"line":18,"column":28},"end":{"line":19,"column":30}}]},"2":{"type":"branch","line":26,"loc":{"start":{"line":26,"column":14},"end":{"line":29,"column":12}},"locations":[{"start":{"line":26,"column":14},"end":{"line":29,"column":12}}]},"3":{"type":"branch","line":28,"loc":{"start":{"line":28,"column":18},"end":{"line":28,"column":99}},"locations":[{"start":{"line":28,"column":18},"end":{"line":28,"column":99}}]},"4":{"type":"branch","line":28,"loc":{"start":{"line":28,"column":54},"end":{"line":28,"column":85}},"locations":[{"start":{"line":28,"column":54},"end":{"line":28,"column":85}}]},"5":{"type":"branch","line":32,"loc":{"start":{"line":32,"column":20},"end":{"line":33,"column":94}},"locations":[{"start":{"line":32,"column":20},"end":{"line":33,"column":94}}]},"6":{"type":"branch","line":33,"loc":{"start":{"line":33,"column":39},"end":{"line":33,"column":75}},"locations":[{"start":{"line":33,"column":39},"end":{"line":33,"column":75}}]},"7":{"type":"branch","line":35,"loc":{"start":{"line":35,"column":21},"end":{"line":35,"column":54}},"locations":[{"start":{"line":35,"column":21},"end":{"line":35,"column":54}}]}},"b":{"0":[22],"1":[10],"2":[88],"3":[220],"4":[8],"5":[88],"6":[2],"7":[1]},"fnMap":{"0":{"name":"Calculator","decl":{"start":{"line":14,"column":0},"end":{"line":38,"column":1}},"loc":{"start":{"line":14,"column":0},"end":{"line":38,"column":1}},"line":14},"1":{"name":"createHandleClick","decl":{"start":{"line":18,"column":28},"end":{"line":19,"column":30}},"loc":{"start":{"line":18,"column":28},"end":{"line":19,"column":30}},"line":18},"2":{"name":"onClick","decl":{"start":{"line":28,"column":54},"end":{"line":28,"column":85}},"loc":{"start":{"line":28,"column":54},"end":{"line":28,"column":85}},"line":28},"3":{"name":"onClick","decl":{"start":{"line":33,"column":39},"end":{"line":33,"column":75}},"loc":{"start":{"line":33,"column":39},"end":{"line":33,"column":75}},"line":33},"4":{"name":"onClick","decl":{"start":{"line":35,"column":21},"end":{"line":35,"column":54}},"loc":{"start":{"line":35,"column":21},"end":{"line":35,"column":54}},"line":35}},"f":{"0":22,"1":10,"2":8,"3":2,"4":1}}
}
